# JRE version: OpenJDK Runtime Environment (8.0_152-b01) (build 1.8.0_152-release-915-b01)
# Java VM: OpenJDK 64-Bit Server VM (25.152-b01 mixed mode windows-amd64 compressed oops)
Heap:
 PSYoungGen      total 251904K, used 53435K [0x00000000e0000000, 0x00000000f1f00000, 0x0000000100000000)
  eden space 215552K, 13% used [0x00000000e0000000,0x00000000e1bd7020,0x00000000ed280000)
  from space 36352K, 68% used [0x00000000ef880000,0x00000000f10d7ce8,0x00000000f1c00000)
  to   space 38912K, 0% used [0x00000000ed280000,0x00000000ed280000,0x00000000ef880000)
 ParOldGen       total 116224K, used 63105K [0x00000000a0000000, 0x00000000a7180000, 0x00000000e0000000)
  object space 116224K, 54% used [0x00000000a0000000,0x00000000a3da0768,0x00000000a7180000)
 Metaspace       used 81284K, capacity 86766K, committed 87000K, reserved 1124352K
  class space    used 10395K, capacity 11763K, committed 11776K, reserved 1048576K
GC Heap History (10 events):
Event: 5554.013 GC heap before
{Heap before GC invocations=48 (full 4):
 PSYoungGen      total 208896K, used 191055K [0x00000000e0000000, 0x00000000f0980000, 0x0000000100000000)
  eden space 168448K, 100% used [0x00000000e0000000,0x00000000ea480000,0x00000000ea480000)
  from space 40448K, 55% used [0x00000000ea480000,0x00000000eba93c18,0x00000000ecc00000)
  to   space 40960K, 0% used [0x00000000ee180000,0x00000000ee180000,0x00000000f0980000)
 ParOldGen       total 116224K, used 56891K [0x00000000a0000000, 0x00000000a7180000, 0x00000000e0000000)
  object space 116224K, 48% used [0x00000000a0000000,0x00000000a378ed20,0x00000000a7180000)
 Metaspace       used 77678K, capacity 81624K, committed 81752K, reserved 1120256K
  class space    used 10054K, capacity 11049K, committed 11136K, reserved 1048576K
Event: 5554.043 GC heap after
Heap after GC invocations=48 (full 4):
 PSYoungGen      total 223744K, used 5267K [0x00000000e0000000, 0x00000000f0500000, 0x0000000100000000)
  eden space 187392K, 0% used [0x00000000e0000000,0x00000000e0000000,0x00000000eb700000)
  from space 36352K, 14% used [0x00000000ee180000,0x00000000ee6a4f30,0x00000000f0500000)
  to   space 39936K, 0% used [0x00000000eb700000,0x00000000eb700000,0x00000000ede00000)
 ParOldGen       total 116224K, used 59818K [0x00000000a0000000, 0x00000000a7180000, 0x00000000e0000000)
  object space 116224K, 51% used [0x00000000a0000000,0x00000000a3a6a9a8,0x00000000a7180000)
 Metaspace       used 77678K, capacity 81624K, committed 81752K, reserved 1120256K
  class space    used 10054K, capacity 11049K, committed 11136K, reserved 1048576K
}
Event: 5703.361 GC heap before
{Heap before GC invocations=49 (full 4):
 PSYoungGen      total 223744K, used 192659K [0x00000000e0000000, 0x00000000f0500000, 0x0000000100000000)
  eden space 187392K, 100% used [0x00000000e0000000,0x00000000eb700000,0x00000000eb700000)
  from space 36352K, 14% used [0x00000000ee180000,0x00000000ee6a4f30,0x00000000f0500000)
  to   space 39936K, 0% used [0x00000000eb700000,0x00000000eb700000,0x00000000ede00000)
 ParOldGen       total 116224K, used 59818K [0x00000000a0000000, 0x00000000a7180000, 0x00000000e0000000)
  object space 116224K, 51% used [0x00000000a0000000,0x00000000a3a6a9a8,0x00000000a7180000)
 Metaspace       used 78459K, capacity 82872K, committed 82904K, reserved 1120256K
  class space    used 10133K, capacity 11264K, committed 11264K, reserved 1048576K
Event: 5703.405 GC heap after
Heap after GC invocations=49 (full 4):
 PSYoungGen      total 227328K, used 6560K [0x00000000e0000000, 0x00000000f1480000, 0x0000000100000000)
  eden space 187392K, 0% used [0x00000000e0000000,0x00000000e0000000,0x00000000eb700000)
  from space 39936K, 16% used [0x00000000eb700000,0x00000000ebd68000,0x00000000ede00000)
  to   space 38912K, 0% used [0x00000000eee80000,0x00000000eee80000,0x00000000f1480000)
 ParOldGen       total 116224K, used 63081K [0x00000000a0000000, 0x00000000a7180000, 0x00000000e0000000)
  object space 116224K, 54% used [0x00000000a0000000,0x00000000a3d9a768,0x00000000a7180000)
 Metaspace       used 78459K, capacity 82872K, committed 82904K, reserved 1120256K
  class space    used 10133K, capacity 11264K, committed 11264K, reserved 1048576K
}
Event: 5776.638 GC heap before
{Heap before GC invocations=50 (full 4):
 PSYoungGen      total 227328K, used 193952K [0x00000000e0000000, 0x00000000f1480000, 0x0000000100000000)
  eden space 187392K, 100% used [0x00000000e0000000,0x00000000eb700000,0x00000000eb700000)
  from space 39936K, 16% used [0x00000000eb700000,0x00000000ebd68000,0x00000000ede00000)
  to   space 38912K, 0% used [0x00000000eee80000,0x00000000eee80000,0x00000000f1480000)
 ParOldGen       total 116224K, used 63081K [0x00000000a0000000, 0x00000000a7180000, 0x00000000e0000000)
  object space 116224K, 54% used [0x00000000a0000000,0x00000000a3d9a768,0x00000000a7180000)
 Metaspace       used 78799K, capacity 83498K, committed 83800K, reserved 1122304K
  class space    used 10167K, capacity 11345K, committed 11392K, reserved 1048576K
Event: 5776.690 GC heap after
Heap after GC invocations=50 (full 4):
 PSYoungGen      total 238080K, used 5104K [0x00000000e0000000, 0x00000000f1080000, 0x0000000100000000)
  eden space 203264K, 0% used [0x00000000e0000000,0x00000000e0000000,0x00000000ec680000)
  from space 34816K, 14% used [0x00000000eee80000,0x00000000ef37c050,0x00000000f1080000)
  to   space 37888K, 0% used [0x00000000ec680000,0x00000000ec680000,0x00000000eeb80000)
 ParOldGen       total 116224K, used 63089K [0x00000000a0000000, 0x00000000a7180000, 0x00000000e0000000)
  object space 116224K, 54% used [0x00000000a0000000,0x00000000a3d9c768,0x00000000a7180000)
 Metaspace       used 78799K, capacity 83498K, committed 83800K, reserved 1122304K
  class space    used 10167K, capacity 11345K, committed 11392K, reserved 1048576K
}
Event: 6597.913 GC heap before
{Heap before GC invocations=51 (full 4):
 PSYoungGen      total 238080K, used 208368K [0x00000000e0000000, 0x00000000f1080000, 0x0000000100000000)
  eden space 203264K, 100% used [0x00000000e0000000,0x00000000ec680000,0x00000000ec680000)
  from space 34816K, 14% used [0x00000000eee80000,0x00000000ef37c050,0x00000000f1080000)
  to   space 37888K, 0% used [0x00000000ec680000,0x00000000ec680000,0x00000000eeb80000)
 ParOldGen       total 116224K, used 63089K [0x00000000a0000000, 0x00000000a7180000, 0x00000000e0000000)
  object space 116224K, 54% used [0x00000000a0000000,0x00000000a3d9c768,0x00000000a7180000)
 Metaspace       used 79179K, capacity 84100K, committed 84184K, reserved 1122304K
  class space    used 10214K, capacity 11464K, committed 11520K, reserved 1048576K
Event: 6598.590 GC heap after
Heap after GC invocations=51 (full 4):
 PSYoungGen      total 241152K, used 6160K [0x00000000e0000000, 0x00000000f1c00000, 0x0000000100000000)
  eden space 203264K, 0% used [0x00000000e0000000,0x00000000e0000000,0x00000000ec680000)
  from space 37888K, 16% used [0x00000000ec680000,0x00000000ecc84070,0x00000000eeb80000)
  to   space 36352K, 0% used [0x00000000ef880000,0x00000000ef880000,0x00000000f1c00000)
 ParOldGen       total 116224K, used 63097K [0x00000000a0000000, 0x00000000a7180000, 0x00000000e0000000)
  object space 116224K, 54% used [0x00000000a0000000,0x00000000a3d9e768,0x00000000a7180000)
 Metaspace       used 79179K, capacity 84100K, committed 84184K, reserved 1122304K
  class space    used 10214K, capacity 11464K, committed 11520K, reserved 1048576K
}
Event: 6759.589 GC heap before
{Heap before GC invocations=52 (full 4):
 PSYoungGen      total 241152K, used 209424K [0x00000000e0000000, 0x00000000f1c00000, 0x0000000100000000)
  eden space 203264K, 100% used [0x00000000e0000000,0x00000000ec680000,0x00000000ec680000)
  from space 37888K, 16% used [0x00000000ec680000,0x00000000ecc84070,0x00000000eeb80000)
  to   space 36352K, 0% used [0x00000000ef880000,0x00000000ef880000,0x00000000f1c00000)
 ParOldGen       total 116224K, used 63097K [0x00000000a0000000, 0x00000000a7180000, 0x00000000e0000000)
  object space 116224K, 54% used [0x00000000a0000000,0x00000000a3d9e768,0x00000000a7180000)
 Metaspace       used 79933K, capacity 85422K, committed 85592K, reserved 1124352K
  class space    used 10296K, capacity 11635K, committed 11648K, reserved 1048576K
Event: 6759.806 GC heap after
Heap after GC invocations=52 (full 4):
 PSYoungGen      total 251904K, used 24927K [0x00000000e0000000, 0x00000000f1f00000, 0x0000000100000000)
  eden space 215552K, 0% used [0x00000000e0000000,0x00000000e0000000,0x00000000ed280000)
  from space 36352K, 68% used [0x00000000ef880000,0x00000000f10d7ce8,0x00000000f1c00000)
  to   space 38912K, 0% used [0x00000000ed280000,0x00000000ed280000,0x00000000ef880000)
 ParOldGen       total 116224K, used 63105K [0x00000000a0000000, 0x00000000a7180000, 0x00000000e0000000)
  object space 116224K, 54% used [0x00000000a0000000,0x00000000a3da0768,0x00000000a7180000)
 Metaspace       used 79933K, capacity 85422K, committed 85592K, reserved 1124352K
  class space    used 10296K, capacity 11635K, committed 11648K, reserved 1048576K
}

